<?xml version="1.0" encoding="utf-8"?><testsuites name="pytest tests"><testsuite name="pytest" errors="0" failures="2" skipped="0" tests="30" time="6.952" timestamp="2026-06-14T14:51:23.554468+00:00" hostname="agent-env-824f0d43-8748-4919-a041-9ca5163dfdbb"><testcase classname="backend.tests.backend_test.TestHealth" name="test_root" time="0.250" /><testcase classname="backend.tests.backend_test.TestAuth" name="test_staff_login_admin" time="0.282" /><testcase classname="backend.tests.backend_test.TestAuth" name="test_staff_login_factory" time="0.277" /><testcase classname="backend.tests.backend_test.TestAuth" name="test_staff_login_bad_password" time="0.268" /><testcase classname="backend.tests.backend_test.TestAuth" name="test_otp_request_returns_dev_code" time="0.051" /><testcase classname="backend.tests.backend_test.TestAuth" name="test_otp_request_invalid_phone" time="0.047" /><testcase classname="backend.tests.backend_test.TestAuth" name="test_otp_verify_wrong_code" time="0.092" /><testcase classname="backend.tests.backend_test.TestAuth" name="test_me_endpoint" time="0.496" /><testcase classname="backend.tests.backend_test.TestAuth" name="test_me_no_token" time="0.046" /><testcase classname="backend.tests.backend_test.TestProjects" name="test_list_projects_admin" time="0.048" /><testcase classname="backend.tests.backend_test.TestProjects" name="test_list_projects_customer_scoped" time="0.150" /><testcase classname="backend.tests.backend_test.TestProjects" name="test_project_detail" time="0.047" /><testcase classname="backend.tests.backend_test.TestProjects" name="test_customer_cannot_see_other_project" time="0.046" /><testcase classname="backend.tests.backend_test.TestProjects" name="test_create_project_staff" time="0.098" /><testcase classname="backend.tests.backend_test.TestScanner" name="test_scan_advances_stage" time="0.321"><failure message="AssertionError: assert 'PACK' == 'FQC'&#10;  &#10;  - FQC&#10;  + PACK">backend/tests/backend_test.py:165: in test_scan_advances_stage
    assert d["part"]["current_stage"] == "FQC"
E   AssertionError: assert 'PACK' == 'FQC'
E     
E     - FQC
E     + PACK</failure></testcase><testcase classname="backend.tests.backend_test.TestScanner" name="test_scan_duplicate_idempotent" time="0.046"><failure message="AssertionError: assert None is True&#10; +  where None = &lt;built-in method get of dict object at 0xf9832b742240&gt;('duplicate')&#10; +    where &lt;built-in method get of dict object at 0xf9832b742240&gt; = {'event': {'employee_id': 'f1a087e6-9ec6-491e-8b81-a99c76565e53', 'employee_name': 'Suresh Yadav', 'id': 'df8afc5c-ba16-450b-aadf-a2acb96d891b', 'idempotency_key': 'PRJ-2026-041-P001|DISP', ...}, 'message': 'PRJ-2026-041-P001 → Dispatch', 'part': {'current_stage': 'DISP', 'id': '004473d6-cce2-47d9-bcbd-dc1d68e091bc', 'name': 'Panel 1', 'part_code': 'PRJ-2026-041-P001', ...}, 'stage_label': 'Dispatch'}.get">backend/tests/backend_test.py:173: in test_scan_duplicate_idempotent
    assert d.get("duplicate") is True
E   AssertionError: assert None is True
E    +  where None = &lt;built-in method get of dict object at 0xf9832b742240&gt;('duplicate')
E    +    where &lt;built-in method get of dict object at 0xf9832b742240&gt; = {'event': {'employee_id': 'f1a087e6-9ec6-491e-8b81-a99c76565e53', 'employee_name': 'Suresh Yadav', 'id': 'df8afc5c-ba16-450b-aadf-a2acb96d891b', 'idempotency_key': 'PRJ-2026-041-P001|DISP', ...}, 'message': 'PRJ-2026-041-P001 → Dispatch', 'part': {'current_stage': 'DISP', 'id': '004473d6-cce2-47d9-bcbd-dc1d68e091bc', 'name': 'Panel 1', 'part_code': 'PRJ-2026-041-P001', ...}, 'stage_label': 'Dispatch'}.get</failure></testcase><testcase classname="backend.tests.backend_test.TestScanner" name="test_scan_unknown_part" time="0.044" /><testcase classname="backend.tests.backend_test.TestScanner" name="test_scan_customer_forbidden" time="0.046" /><testcase classname="backend.tests.backend_test.TestScanner" name="test_recent_scans" time="0.046" /><testcase classname="backend.tests.backend_test.TestScanner" name="test_recent_scans_customer_forbidden" time="0.046" /><testcase classname="backend.tests.backend_test.TestTickets" name="test_customer_list_tickets" time="0.046" /><testcase classname="backend.tests.backend_test.TestTickets" name="test_customer_create_ticket" time="0.046" /><testcase classname="backend.tests.backend_test.TestTickets" name="test_staff_patch_ticket" time="0.097" /><testcase classname="backend.tests.backend_test.TestTickets" name="test_customer_cannot_patch_ticket" time="0.090" /><testcase classname="backend.tests.backend_test.TestLeads" name="test_list_leads_admin" time="0.045" /><testcase classname="backend.tests.backend_test.TestLeads" name="test_customer_cannot_list_leads" time="0.044" /><testcase classname="backend.tests.backend_test.TestLeads" name="test_create_lead_admin" time="0.045" /><testcase classname="backend.tests.backend_test.TestDashboard" name="test_dashboard_admin" time="0.047" /><testcase classname="backend.tests.backend_test.TestDashboard" name="test_dashboard_customer_forbidden" time="0.047" /><testcase classname="backend.tests.backend_test.TestAI" name="test_ai_chat_reply" time="3.462" /></testsuite></testsuites>